<?xml version="1.0" encoding="UTF-8"?>
<!-- Generated by org.testng.reporters.JUnitReportReporter -->
<testsuite skipped="0" hostname="DESKTOP-9LTQUQR" name="testCases.TC001_CreateLead" tests="1" failures="0" timestamp="23 Mar 2019 04:03:54 GMT" time="15.848" errors="0">
  <testcase name="createLead" time="15.848" classname="testCases.TC001_CreateLead"/>
</testsuite> <!-- testCases.TC001_CreateLead -->
