<?xml version="1.0" encoding="UTF-8"?>
<!-- Generated by org.testng.reporters.JUnitReportReporter -->
<testsuite skipped="0" hostname="DESKTOP-9LTQUQR" name="testCases.TC003_DeleteLead" tests="1" failures="0" timestamp="31 Mar 2019 09:25:37 GMT" time="14.666" errors="0">
  <testcase name="deleteLead" time="14.666" classname="testCases.TC003_DeleteLead"/>
</testsuite> <!-- testCases.TC003_DeleteLead -->
